<?xml version="1.0" encoding="UTF-8"?>
<!-- Generated by org.testng.reporters.JUnitXMLReporter -->
<testsuite ignored="0" hostname="LAPTOP-OECO8K6N" failures="1" tests="4" name="Test" time="21.72" errors="0" timestamp="2023-03-17T10:13:06 IST">
  <testcase classname="testClasses.Calculator_TestClass" name="TC_01_Multiplication" time="0.923">
    <failure type="java.lang.AssertionError" message="expected [ 22207] but found [ 222075]">
      <![CDATA[java.lang.AssertionError: expected [ 22207] but found [ 222075]
at testClasses.Calculator_TestClass.TC_01_Multiplication(Calculator_TestClass.java:38)
at java.base/java.util.ArrayList.forEach(ArrayList.java:1511)
... Removed 33 stack frames]]>
    </failure>
  </testcase> <!-- TC_01_Multiplication -->
  <testcase classname="testClasses.Calculator_TestClass" name="TC_02_Division" time="0.957"/>
  <testcase classname="testClasses.Calculator_TestClass" name="TC_03_Addition" time="1.342"/>
  <testcase classname="testClasses.Calculator_TestClass" name="TC_04_Subtraction" time="0.882"/>
</testsuite> <!-- Test -->
